<?xml version="1.0" encoding="UTF-8"?>
<!-- Generated by org.testng.reporters.JUnitReportReporter -->
<testsuite hostname="Kumars-MacBook-Pro.local" failures="0" tests="2" name="org.air.tests.LoginTest" time="64.658" errors="0" timestamp="2025-03-01T15:57:11 IST" skipped="0">
  <testcase classname="org.air.tests.LoginTest" name="launchURL" time="31.331"/>
  <testcase classname="org.air.tests.LoginTest" name="launchURL" time="33.327"/>
</testsuite> <!-- org.air.tests.LoginTest -->
